GET /api/v1/blockchain - 2024-05-08 14:40:49
GET /api/v1/blockchain - 2024-05-08 18:17:39
GET /api/v1/blockchai - 2024-05-08 18:17:58
GET /api/v1/blockchai - 2024-05-08 18:19:40
GET /api/v1/blockchai - 2024-05-08 18:20:38
GET /api/v1/blockchain - 2024-05-08 18:20:53
GET /api/v1/register-node - 2024-05-10 14:07:08
GET /api/v1/members/register-node - 2024-05-10 14:08:13
GET /api/v1/members/ - 2024-05-10 14:08:26
GET /api/v1/members/register-node - 2024-05-10 14:08:43
POST /api/v1/members/register-node - 2024-05-10 14:09:14
POST /api/v1/members/register-node - 2024-05-10 14:11:55
POST /api/v1/members/register-node - 2024-05-10 14:12:03
POST /api/v1/members/register-node - 2024-05-10 14:17:22
GET /api/v1/members/ - 2024-05-10 14:18:14
POST /api/v1/members/register-node - 2024-05-10 14:18:20
POST /api/v1/members/register-node - 2024-05-10 14:25:11
POST /api/v1/members/register-node - 2024-05-10 15:20:02
POST /api/v1/members/register-node - 2024-05-10 15:24:11
GET /api/v1/members/ - 2024-05-10 15:25:30
GET /api/v1/blockchain - 2024-05-10 15:26:57
POST /api/v1/blockchain/mine - 2024-05-10 15:27:07
POST /api/v1/blockchain/mine - 2024-05-10 15:27:14
GET /api/v1/blockchain - 2024-05-10 15:27:18
GET /api/v1/members/ - 2024-05-10 15:43:43
POST /api/v1/members/register-node - 2024-05-10 15:43:47
POST /api/v1/members/register-node - 2024-05-10 15:43:59
POST /api/v1/members/register-node - 2024-05-10 15:44:44
POST /api/v1/members/register-node - 2024-05-10 15:44:44
POST /api/v1/members/register-node - 2024-05-10 15:44:44
POST /api/v1/members/register-node - 2024-05-10 15:44:44
POST /api/v1/members/register-node - 2024-05-10 15:44:44
POST /api/v1/members/register-node - 2024-05-10 15:45:31
POST /api/v1/members/register-node - 2024-05-10 15:45:32
POST /api/v1/members/register-node - 2024-05-10 15:45:32
POST /api/v1/members/register-node - 2024-05-10 15:45:32
POST /api/v1/members/register-node - 2024-05-10 15:45:32
POST /api/v1/members/register-node - 2024-05-10 15:45:32
POST /api/v1/members/register-node - 2024-05-10 15:45:32
POST /api/v1/members/register-node - 2024-05-10 15:45:32
POST /api/v1/members/register-node - 2024-05-10 15:45:32
POST /api/v1/members/register-node - 2024-05-10 15:45:32
POST /api/v1/members/register-node - 2024-05-10 15:45:32
POST /api/v1/members/register-node - 2024-05-10 15:45:32
GET /api/v1/members/ - 2024-05-10 15:45:43
GET /api/v1/blockchain - 2024-05-10 15:45:58
POST /api/v1/blockchain/mine - 2024-05-10 15:46:25
POST /api/v1/blockchain/block/broadcast - 2024-05-10 15:46:25
POST /api/v1/blockchain/block/broadcast - 2024-05-10 15:46:25
POST /api/v1/blockchain/mine - 2024-05-10 15:46:28
POST /api/v1/blockchain/block/broadcast - 2024-05-10 15:46:28
POST /api/v1/blockchain/block/broadcast - 2024-05-10 15:46:28
GET /api/v1/blockchain - 2024-05-10 15:46:31
GET /api/v1/members/ - 2024-05-10 15:48:48
GET /api/v1/blockchain/concensus - 2024-05-10 15:54:08
GET /api/v1/concensus - 2024-05-10 15:54:40
GET /api/v1/blockchain/concensus - 2024-05-10 15:54:50
GET /api/v1/blockchain/concensus - 2024-05-10 15:55:31
GET /api/v1/blockchain/consensus - 2024-05-10 15:57:39
GET /api/v1/blockchain/concensus - 2024-05-10 15:57:51
POST /api/v1/blockchain/mine - 2024-05-10 15:58:20
POST /api/v1/blockchain/mine - 2024-05-10 15:58:26
GET /api/v1/blockchain - 2024-05-10 15:58:46
POST /api/v1/members/register-node - 2024-05-10 15:59:12
POST /api/v1/members/register-node - 2024-05-10 15:59:17
POST /api/v1/members/register-node - 2024-05-10 15:59:17
POST /api/v1/members/register-node - 2024-05-10 15:59:17
POST /api/v1/members/register-node - 2024-05-10 15:59:17
POST /api/v1/members/register-node - 2024-05-10 15:59:17
POST /api/v1/members/register-node - 2024-05-10 15:59:23
POST /api/v1/members/register-node - 2024-05-10 15:59:23
POST /api/v1/members/register-node - 2024-05-10 15:59:23
POST /api/v1/members/register-node - 2024-05-10 15:59:23
POST /api/v1/members/register-node - 2024-05-10 15:59:23
POST /api/v1/members/register-node - 2024-05-10 15:59:23
POST /api/v1/members/register-node - 2024-05-10 15:59:23
POST /api/v1/members/register-node - 2024-05-10 15:59:23
POST /api/v1/members/register-node - 2024-05-10 15:59:23
POST /api/v1/members/register-node - 2024-05-10 15:59:23
POST /api/v1/members/register-node - 2024-05-10 15:59:23
POST /api/v1/members/register-node - 2024-05-10 15:59:23
GET /api/v1/blockchain - 2024-05-10 15:59:28
GET /api/v1/blockchain - 2024-05-10 15:59:47
GET /api/v1/blockchain/concensus - 2024-05-10 15:59:54
GET /api/v1/blockchain - 2024-05-10 15:59:54
GET /api/v1/blockchain - 2024-05-10 15:59:54
GET /api/v1/blockchain - 2024-05-10 16:00:01
GET /api/v1/blockchain/concensus - 2024-05-10 16:00:19
GET /api/v1/blockchain - 2024-05-10 16:00:19
GET /api/v1/blockchain - 2024-05-10 16:00:19
GET /api/v1/blockchain - 2024-05-10 16:00:24
GET /api/v1/blockchain - 2024-05-10 16:00:35
GET /api/v1/blockchain/ - 2024-05-10 16:01:06
GET /api/v1/members/ - 2024-05-10 16:01:20
GET /api/v1/blockchain/concensus - 2024-05-10 16:01:35
GET /api/v1/blockchain - 2024-05-10 16:01:35
GET /api/v1/blockchain - 2024-05-10 16:01:35
GET /api/v1/blockchain - 2024-05-10 16:01:49
GET /api/v1/blockchain - 2024-05-10 16:01:53
GET /api/v1/blockchain/ - 2024-05-10 16:01:58
GET /api/v1/blockchain - 2024-05-10 16:02:25
POST /api/v1/blockchain/mine - 2024-05-10 16:02:38
POST /api/v1/blockchain/block/broadcast - 2024-05-10 16:02:58
POST /api/v1/blockchain/block/broadcast - 2024-05-10 16:02:58
GET /api/v1/blockchain - 2024-05-10 16:03:03
GET /api/v1/blockchain/concensus - 2024-05-10 16:03:13
GET /api/v1/blockchain - 2024-05-10 16:03:13
GET /api/v1/blockchain - 2024-05-10 16:03:13
GET /api/v1/blockchain/concensus - 2024-05-10 16:03:29
GET /api/v1/blockchain - 2024-05-10 16:03:29
GET /api/v1/blockchain - 2024-05-10 16:03:29
GET /api/v1/blockchain - 2024-05-10 16:03:33
POST /api/v1/blockchain/mine - 2024-05-10 16:03:57
POST /api/v1/blockchain/block/broadcast - 2024-05-10 16:03:57
POST /api/v1/blockchain/block/broadcast - 2024-05-10 16:03:57
GET /api/v1/blockchain - 2024-05-10 16:04:09
GET /api/v1/blockchain - 2024-05-10 16:04:49
GET /api/v1/blockchain/concensus - 2024-05-10 16:04:58
GET /api/v1/blockchain - 2024-05-10 16:04:58
GET /api/v1/blockchain - 2024-05-10 16:04:58
GET /api/v1/blockchain/concensus - 2024-05-10 16:05:07
GET /api/v1/blockchain - 2024-05-10 16:05:07
GET /api/v1/blockchain - 2024-05-10 16:05:07
GET /api/v1/blockchain - 2024-05-10 16:05:10
GET /api/v1/blockchain - 2024-05-10 16:09:22
GET /api/v1/blockchain - 2024-05-10 16:10:18
POST /api/v1/members/register-node - 2024-05-10 16:10:30
POST /api/v1/members/register-node - 2024-05-10 16:10:30
POST /api/v1/members/register-node - 2024-05-10 16:10:30
POST /api/v1/members/register-node - 2024-05-10 16:10:31
POST /api/v1/members/register-node - 2024-05-10 16:10:31
POST /api/v1/members/register-node - 2024-05-10 16:10:37
POST /api/v1/members/register-node - 2024-05-10 16:10:37
POST /api/v1/members/register-node - 2024-05-10 16:10:37
POST /api/v1/members/register-node - 2024-05-10 16:10:37
POST /api/v1/members/register-node - 2024-05-10 16:10:37
POST /api/v1/members/register-node - 2024-05-10 16:10:37
POST /api/v1/members/register-node - 2024-05-10 16:10:37
POST /api/v1/members/register-node - 2024-05-10 16:10:37
POST /api/v1/members/register-node - 2024-05-10 16:10:37
POST /api/v1/members/register-node - 2024-05-10 16:10:37
POST /api/v1/members/register-node - 2024-05-10 16:10:37
POST /api/v1/members/register-node - 2024-05-10 16:10:37
GET /api/v1/members/ - 2024-05-10 16:10:43
GET /api/v1/blockchain - 2024-05-10 16:10:59
GET /api/v1/blockchain/ - 2024-05-10 16:11:21
POST /api/v1/blockchain/mine - 2024-05-10 16:11:41
POST /api/v1/blockchain/block/broadcast - 2024-05-10 16:11:41
POST /api/v1/blockchain/block/broadcast - 2024-05-10 16:11:41
POST /api/v1/blockchain/mine - 2024-05-10 16:11:45
POST /api/v1/blockchain/block/broadcast - 2024-05-10 16:11:45
POST /api/v1/blockchain/block/broadcast - 2024-05-10 16:11:45
GET /api/v1/blockchain - 2024-05-10 16:11:50
GET /api/v1/blockchain/ - 2024-05-10 16:12:03
GET /api/v1/blockchain - 2024-05-10 16:13:05
POST /api/v1/members/register-node - 2024-05-10 16:13:16
POST /api/v1/members/register-node - 2024-05-10 16:13:16
POST /api/v1/members/register-node - 2024-05-10 16:13:16
POST /api/v1/members/register-node - 2024-05-10 16:13:16
POST /api/v1/members/register-node - 2024-05-10 16:13:16
GET /api/v1/members/ - 2024-05-10 16:13:23
POST /api/v1/members/register-node - 2024-05-10 16:13:40
POST /api/v1/members/register-node - 2024-05-10 16:13:40
POST /api/v1/members/register-node - 2024-05-10 16:13:40
POST /api/v1/members/register-node - 2024-05-10 16:13:40
POST /api/v1/members/register-node - 2024-05-10 16:13:40
POST /api/v1/members/register-node - 2024-05-10 16:13:40
POST /api/v1/members/register-node - 2024-05-10 16:13:40
POST /api/v1/members/register-node - 2024-05-10 16:13:40
POST /api/v1/members/register-node - 2024-05-10 16:13:40
POST /api/v1/members/register-node - 2024-05-10 16:13:40
POST /api/v1/members/register-node - 2024-05-10 16:13:40
POST /api/v1/members/register-node - 2024-05-10 16:13:40
GET /api/v1/members/ - 2024-05-10 16:13:43
GET /api/v1/blockchain - 2024-05-10 16:13:49
POST /api/v1/blockchain/mine - 2024-05-10 16:14:01
POST /api/v1/blockchain/block/broadcast - 2024-05-10 16:14:01
POST /api/v1/blockchain/block/broadcast - 2024-05-10 16:14:01
GET /api/v1/blockchain - 2024-05-10 16:14:09
GET /api/v1/blockchain/ - 2024-05-10 16:14:30
GET /api/v1/blockchain/ - 2024-05-10 16:14:45
POST /api/v1/blockchain/mine - 2024-05-10 16:15:38
POST /api/v1/blockchain/block/broadcast - 2024-05-10 16:15:38
POST /api/v1/blockchain/block/broadcast - 2024-05-10 16:15:38
GET /api/v1/blockchain - 2024-05-10 16:15:47
GET /api/v1/blockchain - 2024-05-10 16:16:09
GET /api/v1/blockchain - 2024-05-10 16:21:21
POST /api/v1/members/register-node - 2024-05-10 16:21:29
POST /api/v1/members/register-node - 2024-05-10 16:21:29
POST /api/v1/members/register-node - 2024-05-10 16:21:29
POST /api/v1/members/register-node - 2024-05-10 16:21:29
POST /api/v1/members/register-node - 2024-05-10 16:21:29
GET /api/v1/members/ - 2024-05-10 16:21:36
POST /api/v1/members/register-node - 2024-05-10 16:21:44
POST /api/v1/members/register-node - 2024-05-10 16:21:44
POST /api/v1/members/register-node - 2024-05-10 16:21:44
POST /api/v1/members/register-node - 2024-05-10 16:21:44
POST /api/v1/members/register-node - 2024-05-10 16:21:44
POST /api/v1/members/register-node - 2024-05-10 16:21:44
POST /api/v1/members/register-node - 2024-05-10 16:21:44
POST /api/v1/members/register-node - 2024-05-10 16:21:44
POST /api/v1/members/register-node - 2024-05-10 16:21:44
POST /api/v1/members/register-node - 2024-05-10 16:21:44
POST /api/v1/members/register-node - 2024-05-10 16:21:44
POST /api/v1/members/register-node - 2024-05-10 16:21:44
GET /api/v1/members/ - 2024-05-10 16:21:48
GET /api/v1/blockchain - 2024-05-10 16:21:51
POST /api/v1/blockchain/mine - 2024-05-10 16:21:55
POST /api/v1/blockchain/block/broadcast - 2024-05-10 16:21:55
POST /api/v1/blockchain/block/broadcast - 2024-05-10 16:21:55
GET /api/v1/blockchain - 2024-05-10 16:22:01
GET /api/v1/blockchain - 2024-05-10 16:22:18
GET /api/v1/blockchain/concensus - 2024-05-10 16:22:40
GET /api/v1/blockchain - 2024-05-10 16:22:40
GET /api/v1/blockchain - 2024-05-10 16:22:40
GET /api/v1/blockchain - 2024-05-10 16:22:57
GET /api/v1/blockchain - 2024-05-10 16:23:01
GET /api/v1/blockchain/concensus - 2024-05-10 16:23:09
GET /api/v1/blockchain - 2024-05-10 16:23:09
GET /api/v1/blockchain - 2024-05-10 16:23:09
GET /api/v1/blockchain - 2024-05-10 16:23:21
GET /api/v1/blockchain - 2024-05-10 16:23:31
GET /api/v1/blockchain - 2024-05-10 16:23:51
GET /api/v1/blockchain/concensus - 2024-05-10 16:23:59
GET /api/v1/blockchain - 2024-05-10 16:23:59
GET /api/v1/blockchain - 2024-05-10 16:23:59
GET /api/v1/blockchain - 2024-05-10 16:24:02
POST /api/v1/blockchain/mine - 2024-05-10 16:24:10
POST /api/v1/blockchain/block/broadcast - 2024-05-10 16:24:10
POST /api/v1/blockchain/block/broadcast - 2024-05-10 16:24:10
GET /api/v1/blockchain/concensus - 2024-05-10 16:24:17
GET /api/v1/blockchain - 2024-05-10 16:24:17
GET /api/v1/blockchain - 2024-05-10 16:24:17
GET /api/v1/blockchain - 2024-05-10 16:24:19
GET /api/v1/blockchain - 2024-05-10 16:24:31
POST /api/v1/blockchain/mine - 2024-05-10 16:24:44
POST /api/v1/blockchain/block/broadcast - 2024-05-10 16:24:44
POST /api/v1/blockchain/block/broadcast - 2024-05-10 16:24:44
GET /api/v1/blockchain - 2024-05-10 16:24:58
GET /api/v1/blockchain/concensus - 2024-05-10 16:25:05
GET /api/v1/blockchain - 2024-05-10 16:25:05
GET /api/v1/blockchain - 2024-05-10 16:25:05
GET /api/v1/blockchain - 2024-05-10 16:25:11
GET /api/v1/blockchain/concensus - 2024-05-10 16:25:23
GET /api/v1/blockchain - 2024-05-10 16:25:23
GET /api/v1/blockchain - 2024-05-10 16:25:23
GET /api/v1/blockchain - 2024-05-10 16:25:26
GET /api/v1/blockchain - 2024-05-10 16:30:51
POST /api/v1/members/register-node - 2024-05-10 16:30:59
POST /api/v1/members/register-node - 2024-05-10 16:30:59
POST /api/v1/members/register-node - 2024-05-10 16:30:59
POST /api/v1/members/register-node - 2024-05-10 16:30:59
POST /api/v1/members/register-node - 2024-05-10 16:30:59
POST /api/v1/members/register-node - 2024-05-10 16:31:02
POST /api/v1/members/register-node - 2024-05-10 16:31:02
POST /api/v1/members/register-node - 2024-05-10 16:31:02
POST /api/v1/members/register-node - 2024-05-10 16:31:02
POST /api/v1/members/register-node - 2024-05-10 16:31:03
POST /api/v1/members/register-node - 2024-05-10 16:31:03
POST /api/v1/members/register-node - 2024-05-10 16:31:03
POST /api/v1/members/register-node - 2024-05-10 16:31:03
POST /api/v1/members/register-node - 2024-05-10 16:31:03
POST /api/v1/members/register-node - 2024-05-10 16:31:03
POST /api/v1/members/register-node - 2024-05-10 16:31:03
POST /api/v1/members/register-node - 2024-05-10 16:31:03
GET /api/v1/members/ - 2024-05-10 16:31:06
GET /api/v1/blockchain - 2024-05-10 16:31:09
POST /api/v1/blockchain/mine - 2024-05-10 16:31:12
POST /api/v1/blockchain/block/broadcast - 2024-05-10 16:31:12
POST /api/v1/blockchain/block/broadcast - 2024-05-10 16:31:12
GET /api/v1/blockchain - 2024-05-10 16:31:15
GET /api/v1/blockchain - 2024-05-10 16:31:31
GET /api/v1/blockchain - 2024-05-10 16:32:27
POST /api/v1/blockchain/mine - 2024-05-10 16:33:51
POST /api/v1/blockchain/block/broadcast - 2024-05-10 16:33:51
POST /api/v1/blockchain/block/broadcast - 2024-05-10 16:33:51
GET /api/v1/blockchain - 2024-05-10 16:34:00
GET /api/v1/blockchain - 2024-05-10 16:34:08
GET /api/v1/blockchain - 2024-05-10 16:41:27
POST /api/v1/members/register-node - 2024-05-10 16:41:36
POST /api/v1/members/register-node - 2024-05-10 16:41:36
POST /api/v1/members/register-node - 2024-05-10 16:41:36
POST /api/v1/members/register-node - 2024-05-10 16:41:36
POST /api/v1/members/register-node - 2024-05-10 16:41:36
GET /api/v1/members/ - 2024-05-10 16:41:38
POST /api/v1/members/register-node - 2024-05-10 16:41:45
POST /api/v1/members/register-node - 2024-05-10 16:41:45
POST /api/v1/members/register-node - 2024-05-10 16:41:46
POST /api/v1/members/register-node - 2024-05-10 16:41:46
POST /api/v1/members/register-node - 2024-05-10 16:41:46
POST /api/v1/members/register-node - 2024-05-10 16:41:46
POST /api/v1/members/register-node - 2024-05-10 16:41:46
POST /api/v1/members/register-node - 2024-05-10 16:41:46
POST /api/v1/members/register-node - 2024-05-10 16:41:46
POST /api/v1/members/register-node - 2024-05-10 16:41:46
POST /api/v1/members/register-node - 2024-05-10 16:41:46
POST /api/v1/members/register-node - 2024-05-10 16:41:46
GET /api/v1/members/ - 2024-05-10 16:41:49
GET /api/v1/blockchain - 2024-05-10 16:41:53
POST /api/v1/blockchain/mine - 2024-05-10 16:41:58
POST /api/v1/blockchain/block/broadcast - 2024-05-10 16:41:58
POST /api/v1/blockchain/block/broadcast - 2024-05-10 16:41:58
GET /api/v1/blockchain - 2024-05-10 16:42:00
GET /api/v1/blockchain - 2024-05-10 16:42:09
GET /api/v1/blockchain - 2024-05-10 16:53:48
POST /api/v1/members/register-node - 2024-05-10 16:53:56
POST /api/v1/members/register-node - 2024-05-10 16:53:56
POST /api/v1/members/register-node - 2024-05-10 16:53:56
POST /api/v1/members/register-node - 2024-05-10 16:53:56
POST /api/v1/members/register-node - 2024-05-10 16:53:56
POST /api/v1/members/register-node - 2024-05-10 16:54:00
POST /api/v1/members/register-node - 2024-05-10 16:54:00
POST /api/v1/members/register-node - 2024-05-10 16:54:00
POST /api/v1/members/register-node - 2024-05-10 16:54:00
POST /api/v1/members/register-node - 2024-05-10 16:54:00
POST /api/v1/members/register-node - 2024-05-10 16:54:00
POST /api/v1/members/register-node - 2024-05-10 16:54:00
POST /api/v1/members/register-node - 2024-05-10 16:54:00
POST /api/v1/members/register-node - 2024-05-10 16:54:00
POST /api/v1/members/register-node - 2024-05-10 16:54:00
POST /api/v1/members/register-node - 2024-05-10 16:54:00
POST /api/v1/members/register-node - 2024-05-10 16:54:00
GET /api/v1/members/ - 2024-05-10 16:54:03
POST /api/v1/blockchain/mine - 2024-05-10 16:54:07
GET /api/v1/blockchain - 2024-05-10 16:54:09
GET /api/v1/blockchain - 2024-05-10 16:54:18
GET /api/v1/blockchain/concensus - 2024-05-10 16:54:31
GET /api/v1/blockchain - 2024-05-10 16:54:31
GET /api/v1/blockchain - 2024-05-10 16:54:31
GET /api/v1/blockchain - 2024-05-10 16:54:36
GET /api/v1/blockchain/concensus - 2024-05-10 16:54:44
GET /api/v1/blockchain - 2024-05-10 16:54:44
GET /api/v1/blockchain - 2024-05-10 16:54:44
GET /api/v1/blockchain - 2024-05-10 16:54:47
GET /api/v1/blockchain - 2024-05-10 16:55:09
GET /api/v1/blockchain/ - 2024-05-10 16:55:18
POST /api/v1/blockchain/mine - 2024-05-10 16:55:25
GET /api/v1/blockchain/ - 2024-05-10 16:55:28
GET /api/v1/blockchain - 2024-05-10 16:55:34
GET /api/v1/blockchain/concensus - 2024-05-10 16:55:40
GET /api/v1/blockchain - 2024-05-10 16:55:40
GET /api/v1/blockchain - 2024-05-10 16:55:40
GET /api/v1/blockchain - 2024-05-10 16:55:44
GET /api/v1/blockchain - 2024-05-10 16:56:02
POST /api/v1/blockchain/mine - 2024-05-10 16:56:07
GET /api/v1/blockchain - 2024-05-10 16:56:11
GET /api/v1/blockchain - 2024-05-10 16:56:19
GET /api/v1/blockchain/concensus - 2024-05-10 16:56:23
GET /api/v1/blockchain - 2024-05-10 16:56:23
GET /api/v1/blockchain - 2024-05-10 16:56:23
GET /api/v1/blockchain - 2024-05-10 16:56:32
GET /api/v1/blockchain/concensus - 2024-05-10 16:56:39
GET /api/v1/blockchain - 2024-05-10 16:56:39
GET /api/v1/blockchain - 2024-05-10 16:56:39
GET /api/v1/blockchain/concensus - 2024-05-10 16:56:44
GET /api/v1/blockchain - 2024-05-10 16:56:44
GET /api/v1/blockchain - 2024-05-10 16:56:44
GET /api/v1/blockchain - 2024-05-10 16:56:48
GET /api/v1/blockchain/ - 2024-05-10 16:56:56
GET /api/v1/blockchain - 2024-05-10 17:07:22
POST /api/v1/members/register-node - 2024-05-10 17:07:34
POST /api/v1/members/register-node - 2024-05-10 17:07:34
POST /api/v1/members/register-node - 2024-05-10 17:07:34
POST /api/v1/members/register-node - 2024-05-10 17:07:34
POST /api/v1/members/register-node - 2024-05-10 17:07:34
POST /api/v1/members/register-node - 2024-05-10 17:07:38
POST /api/v1/members/register-node - 2024-05-10 17:07:38
POST /api/v1/members/register-node - 2024-05-10 17:07:38
POST /api/v1/members/register-node - 2024-05-10 17:07:38
POST /api/v1/members/register-node - 2024-05-10 17:07:38
POST /api/v1/members/register-node - 2024-05-10 17:07:38
POST /api/v1/members/register-node - 2024-05-10 17:07:38
POST /api/v1/members/register-node - 2024-05-10 17:07:38
POST /api/v1/members/register-node - 2024-05-10 17:07:38
POST /api/v1/members/register-node - 2024-05-10 17:07:38
POST /api/v1/members/register-node - 2024-05-10 17:07:38
POST /api/v1/members/register-node - 2024-05-10 17:07:38
GET /api/v1/members/ - 2024-05-10 17:07:41
GET /api/v1/blockchain - 2024-05-10 17:07:44
POST /api/v1/blockchain/mine - 2024-05-10 17:07:47
GET /api/v1/blockchain - 2024-05-10 17:07:50
GET /api/v1/blockchain - 2024-05-10 17:07:59
GET /api/v1/blockchain/concensus - 2024-05-10 17:08:08
GET /api/v1/blockchain - 2024-05-10 17:08:08
GET /api/v1/blockchain - 2024-05-10 17:08:08
GET /api/v1/blockchain - 2024-05-10 17:08:13
GET /api/v1/blockchain/concensus - 2024-05-10 17:08:22
GET /api/v1/blockchain - 2024-05-10 17:08:22
GET /api/v1/blockchain - 2024-05-10 17:08:22
GET /api/v1/blockchain - 2024-05-10 17:08:26
GET /api/v1/blockchain - 2024-05-10 17:08:35
GET /api/v1/blockchain/ - 2024-05-10 17:08:45
POST /api/v1/blockchain/mine - 2024-05-10 17:08:49
GET /api/v1/blockchain/ - 2024-05-10 17:08:52
GET /api/v1/blockchain - 2024-05-10 17:08:59
GET /api/v1/blockchain/concensus - 2024-05-10 17:09:04
GET /api/v1/blockchain - 2024-05-10 17:09:04
GET /api/v1/blockchain - 2024-05-10 17:09:04
GET /api/v1/blockchain/concensus - 2024-05-10 17:09:08
GET /api/v1/blockchain - 2024-05-10 17:09:08
GET /api/v1/blockchain - 2024-05-10 17:09:08
GET /api/v1/blockchain/concensus - 2024-05-10 17:09:11
GET /api/v1/blockchain - 2024-05-10 17:09:11
GET /api/v1/blockchain - 2024-05-10 17:09:11
GET /api/v1/blockchain - 2024-05-10 17:09:14
GET /api/v1/blockchain - 2024-05-10 17:09:29
POST /api/v1/blockchain/mine - 2024-05-10 17:09:39
GET /api/v1/blockchain - 2024-05-10 17:09:42
GET /api/v1/blockchain/concensus - 2024-05-10 17:09:47
GET /api/v1/blockchain - 2024-05-10 17:09:47
GET /api/v1/blockchain - 2024-05-10 17:09:47
GET /api/v1/blockchain/concensus - 2024-05-10 17:09:52
GET /api/v1/blockchain - 2024-05-10 17:09:52
GET /api/v1/blockchain - 2024-05-10 17:09:52
GET /api/v1/blockchain - 2024-05-10 17:09:55
GET /api/v1/blockchain - 2024-05-10 17:09:58
GET /api/v1/blockchain - 2024-05-10 17:14:00
POST /api/v1/blockchain/mine - 2024-05-10 17:14:05
POST /api/v1/blockchain/mine - 2024-05-10 17:14:07
GET /api/v1/blockchain - 2024-05-10 17:14:10
GET /api/v1/blockchain - 2024-05-10 17:19:56
POST /api/v1/members/register-node - 2024-05-10 17:20:09
POST /api/v1/members/register-node - 2024-05-10 17:20:09
POST /api/v1/members/register-node - 2024-05-10 17:20:09
POST /api/v1/members/register-node - 2024-05-10 17:20:09
POST /api/v1/members/register-node - 2024-05-10 17:20:09
POST /api/v1/members/register-node - 2024-05-10 17:20:12
POST /api/v1/members/register-node - 2024-05-10 17:20:12
POST /api/v1/members/register-node - 2024-05-10 17:20:12
POST /api/v1/members/register-node - 2024-05-10 17:20:13
POST /api/v1/members/register-node - 2024-05-10 17:20:13
POST /api/v1/members/register-node - 2024-05-10 17:20:13
POST /api/v1/members/register-node - 2024-05-10 17:20:13
POST /api/v1/members/register-node - 2024-05-10 17:20:13
POST /api/v1/members/register-node - 2024-05-10 17:20:13
POST /api/v1/members/register-node - 2024-05-10 17:20:13
POST /api/v1/members/register-node - 2024-05-10 17:20:13
POST /api/v1/members/register-node - 2024-05-10 17:20:13
GET /api/v1/members/ - 2024-05-10 17:20:16
GET /api/v1/blockchain - 2024-05-10 17:20:21
GET /api/v1/blockchain - 2024-05-10 17:20:24
POST /api/v1/blockchain/mine - 2024-05-10 17:20:32
POST /api/v1/blockchain/block/broadcast - 2024-05-10 17:20:32
POST /api/v1/blockchain/block/broadcast - 2024-05-10 17:20:32
GET /api/v1/blockchain - 2024-05-10 17:20:37
GET /api/v1/blockchain - 2024-05-10 17:20:45
GET /api/v1/blockchain - 2024-05-10 17:21:27
POST /api/v1/members/register-node - 2024-05-10 17:21:36
POST /api/v1/members/register-node - 2024-05-10 17:21:36
POST /api/v1/members/register-node - 2024-05-10 17:21:36
POST /api/v1/members/register-node - 2024-05-10 17:21:36
POST /api/v1/members/register-node - 2024-05-10 17:21:36
POST /api/v1/blockchain/mine - 2024-05-10 17:21:41
POST /api/v1/blockchain/block/broadcast - 2024-05-10 17:21:41
GET /api/v1/blockchain - 2024-05-10 17:21:43
GET /api/v1/blockchain/ - 2024-05-10 17:21:50
GET /api/v1/blockchain - 2024-05-10 17:21:56
GET /api/v1/blockchain/concensus - 2024-05-10 17:22:38
GET /api/v1/blockchain - 2024-05-10 17:22:41
GET /api/v1/blockchain/concensus - 2024-05-10 17:22:51
GET /api/v1/blockchain - 2024-05-10 17:22:51
GET /api/v1/blockchain - 2024-05-10 17:22:59
GET /api/v1/blockchain - 2024-05-10 17:23:05
POST /api/v1/members/register-node - 2024-05-10 17:23:21
POST /api/v1/members/register-node - 2024-05-10 17:23:21
POST /api/v1/members/register-node - 2024-05-10 17:23:21
POST /api/v1/members/register-node - 2024-05-10 17:23:21
POST /api/v1/members/register-node - 2024-05-10 17:23:21
POST /api/v1/members/register-node - 2024-05-10 17:23:21
POST /api/v1/members/register-node - 2024-05-10 17:23:21
POST /api/v1/members/register-node - 2024-05-10 17:23:21
POST /api/v1/members/register-node - 2024-05-10 17:23:21
POST /api/v1/members/register-node - 2024-05-10 17:23:21
POST /api/v1/members/register-node - 2024-05-10 17:23:21
POST /api/v1/members/register-node - 2024-05-10 17:23:21
GET /api/v1/blockchain - 2024-05-10 17:23:24
GET /api/v1/blockchain - 2024-05-10 17:23:30
GET /api/v1/blockchain/concensus - 2024-05-10 17:23:40
GET /api/v1/blockchain - 2024-05-10 17:23:40
GET /api/v1/blockchain - 2024-05-10 17:23:40
GET /api/v1/blockchain - 2024-05-10 17:23:44
GET /api/v1/blockchain - 2024-05-10 17:47:15
POST /api/v1/members/register-node - 2024-05-10 17:47:24
POST /api/v1/members/register-node - 2024-05-10 17:47:25
POST /api/v1/members/register-node - 2024-05-10 17:47:25
POST /api/v1/members/register-node - 2024-05-10 17:47:25
POST /api/v1/members/register-node - 2024-05-10 17:47:25
GET /api/v1/blockchain - 2024-05-10 17:47:27
POST /api/v1/blockchain/mine - 2024-05-10 17:47:31
POST /api/v1/blockchain/block/broadcast - 2024-05-10 17:47:31
GET /api/v1/blockchain - 2024-05-10 17:47:41
POST /api/v1/blockchain/mine - 2024-05-10 18:42:12
POST /api/v1/block/broadcast - 2024-05-10 18:43:12
POST /api/v1/blockchain/block/broadcast - 2024-05-10 18:43:43
POST /api/v1/blockchain/block/broadcast - 2024-05-10 18:44:21
POST /api/v1/blockchain/block/broadcast - 2024-05-10 18:44:40
POST /api/v1/blockchain/block/broadcast - 2024-05-10 18:45:09
GET /api/v1/blockchain/concensus - 2024-05-10 18:56:30
GET /api/v1/blockchain/concensus - 2024-05-10 18:56:50
GET /api/v1/blockchain/concensus - 2024-05-10 18:57:12
GET /api/v1/blockchain/concensus - 2024-05-10 18:58:52
GET /api/v1/blockchain/concensus - 2024-05-10 18:59:43
GET /api/v1/blockchain/concensus - 2024-05-10 19:02:20
GET /api/v1/blockchain/concensus - 2024-05-10 19:02:24
GET /api/v1/blockchain/concensus - 2024-05-10 19:02:36
POST /api/v1/blockchain/mine - 2024-05-10 19:04:08
POST /api/v1/blockchain/block/broadcast - 2024-05-10 19:04:16
GET /api/v1/blockchain - 2024-05-10 19:04:26
POST /api/v1/blockchain/mine - 2024-05-10 19:04:44
POST /api/v1/blockchain/mine - 2024-05-10 19:04:55
POST /api/v1/blockchain/mine - 2024-05-10 19:05:03
POST /api/v1/blockchain/mine - 2024-05-10 19:05:13
GET /api/v1/blockchain - 2024-05-10 19:05:23
POST /api/v1/blockchain/mine - 2024-05-10 19:05:35
POST /api/v1/blockchain/mine - 2024-05-10 19:05:37
GET /api/v1/blockchain - 2024-05-10 19:05:40
GET /api/v1/blockchain - 2024-05-10 19:10:04
GET /api/v1/blockchain - 2024-05-10 19:10:07
POST /api/v1/blockchain/mine - 2024-05-10 19:10:09
POST /api/v1/blockchain/mine - 2024-05-10 19:10:11
GET /api/v1/blockchain - 2024-05-10 19:10:14
POST /api/v1/members/register-node - 2024-05-10 19:10:27
POST /api/v1/members/register-node - 2024-05-10 19:10:27
POST /api/v1/members/register-node - 2024-05-10 19:10:27
POST /api/v1/members/register-node - 2024-05-10 19:10:27
POST /api/v1/members/register-node - 2024-05-10 19:10:27
GET /api/v1/blockchain - 2024-05-10 19:10:30
GET /api/v1/blockchain - 2024-05-10 19:10:40
GET /api/v1/blockchain - 2024-05-10 19:11:05
GET /api/v1/blockchain/concensus - 2024-05-10 19:11:33
GET /api/v1/blockchain - 2024-05-10 19:11:33
GET /api/v1/blockchain - 2024-05-10 19:11:44
GET /api/v1/blockchain - 2024-05-10 19:11:51
GET /api/v1/blockchain/concensus - 2024-05-10 19:11:58
GET /api/v1/blockchain - 2024-05-10 19:11:58
GET /api/v1/blockchain - 2024-05-10 19:12:01
GET /api/v1/blockchain - 2024-05-10 19:14:41
POST /api/v1/members/register-node - 2024-05-10 19:14:55
POST /api/v1/members/register-node - 2024-05-10 19:14:55
POST /api/v1/members/register-node - 2024-05-10 19:14:55
POST /api/v1/members/register-node - 2024-05-10 19:14:55
POST /api/v1/members/register-node - 2024-05-10 19:14:55
GET /api/v1/blockchain - 2024-05-10 19:14:59
POST /api/v1/blockchain/mine - 2024-05-10 19:15:03
POST /api/v1/blockchain/block/broadcast - 2024-05-10 19:15:03
GET /api/v1/blockchain - 2024-05-10 19:15:08
GET /api/v1/blockchain - 2024-05-10 19:15:16
GET /api/v1/members/ - 2024-05-10 19:15:29
GET /api/v1/blockchain - 2024-05-10 19:15:56
POST /api/v1/members/register-node - 2024-05-10 19:16:07
POST /api/v1/members/register-node - 2024-05-10 19:16:07
POST /api/v1/members/register-node - 2024-05-10 19:16:07
POST /api/v1/members/register-node - 2024-05-10 19:16:07
POST /api/v1/members/register-node - 2024-05-10 19:16:07
POST /api/v1/members/register-node - 2024-05-10 19:16:07
POST /api/v1/members/register-node - 2024-05-10 19:16:07
POST /api/v1/members/register-node - 2024-05-10 19:16:07
POST /api/v1/members/register-node - 2024-05-10 19:16:07
POST /api/v1/members/register-node - 2024-05-10 19:16:07
POST /api/v1/members/register-node - 2024-05-10 19:16:07
POST /api/v1/members/register-node - 2024-05-10 19:16:07
GET /api/v1/blockchain - 2024-05-10 19:16:15
GET /api/v1/blockchain - 2024-05-10 19:16:19
GET /api/v1/blockchain/concensus - 2024-05-10 19:16:29
GET /api/v1/blockchain - 2024-05-10 19:16:29
GET /api/v1/blockchain - 2024-05-10 19:16:29
GET /api/v1/blockchain - 2024-05-10 19:16:34
GET /api/v1/blockchain/concensus - 2024-05-10 19:16:43
GET /api/v1/blockchain - 2024-05-10 19:16:43
GET /api/v1/blockchain - 2024-05-10 19:16:43
GET /api/v1/blockchain/concensus - 2024-05-10 19:16:46
GET /api/v1/blockchain - 2024-05-10 19:16:46
GET /api/v1/blockchain - 2024-05-10 19:16:46
GET /api/v1/blockchain - 2024-05-10 19:16:50
GET /api/v1/blockchain/concensus - 2024-05-10 19:17:03
GET /api/v1/blockchain - 2024-05-10 19:17:03
GET /api/v1/blockchain - 2024-05-10 19:17:03
GET /api/v1/blockchain - 2024-05-10 19:17:12
POST /api/v1/blockchain/block/broadcast - 2024-05-10 19:17:31
POST /api/v1/blockchain/block/broadcast - 2024-05-10 19:17:38
POST /api/v1/blockchain/block/broadcast - 2024-05-10 19:17:44
GET /api/v1/blockchain - 2024-05-10 19:17:52
GET /api/v1/blockchain - 2024-05-10 19:18:00
GET /api/v1/members/ - 2024-05-10 19:18:13
GET /api/v1/blockchain - 2024-05-10 19:18:17
GET /api/v1/blockchain - 2024-05-10 19:20:39
POST /api/v1/blockchain/mine - 2024-05-10 19:20:44
POST /api/v1/blockchain/mine - 2024-05-10 19:20:45
GET /api/v1/blockchain - 2024-05-10 19:20:47
GET /api/v1/members/ - 2024-05-10 19:21:43
POST /api/v1/members/register-node - 2024-05-10 19:21:46
POST /api/v1/members/register-node - 2024-05-10 19:21:46
POST /api/v1/members/register-node - 2024-05-10 19:21:46
POST /api/v1/members/register-node - 2024-05-10 19:21:46
POST /api/v1/members/register-node - 2024-05-10 19:21:46
GET /api/v1/members/ - 2024-05-10 19:21:48
GET /api/v1/blockchain - 2024-05-10 19:21:51
GET /api/v1/blockchain - 2024-05-10 19:22:02
GET /api/v1/blockchain/concensus - 2024-05-10 19:22:21
GET /api/v1/blockchain - 2024-05-10 19:22:21
GET /api/v1/blockchain - 2024-05-10 19:22:28
GET /api/v1/blockchain/concensus - 2024-05-10 19:22:38
GET /api/v1/blockchain - 2024-05-10 19:22:38
GET /api/v1/blockchain - 2024-05-10 19:22:43
POST /api/v1/blockchain/mine - 2024-05-10 19:23:01
POST /api/v1/blockchain/block/broadcast - 2024-05-10 19:23:01
GET /api/v1/blockchain - 2024-05-10 19:23:05
GET /api/v1/blockchain - 2024-05-10 19:23:12
GET /api/v1/blockchain - 2024-05-10 19:24:41
POST /api/v1/blockchain/mine - 2024-05-10 19:24:45
POST /api/v1/blockchain/mine - 2024-05-10 19:25:27
POST /api/v1/blockchain/mine - 2024-05-10 19:25:31
GET /api/v1/blockchain - 2024-05-10 19:25:35
POST /api/v1/members/register-node - 2024-05-10 19:25:52
POST /api/v1/members/register-node - 2024-05-10 19:25:52
POST /api/v1/members/register-node - 2024-05-10 19:25:52
POST /api/v1/members/register-node - 2024-05-10 19:25:52
POST /api/v1/members/register-node - 2024-05-10 19:25:52
GET /api/v1/blockchain - 2024-05-10 19:25:55
GET /api/v1/blockchain/ - 2024-05-10 19:26:00
GET /api/v1/blockchain/concensus - 2024-05-10 19:26:12
GET /api/v1/blockchain - 2024-05-10 19:26:12
GET /api/v1/blockchain - 2024-05-10 19:26:18
GET /api/v1/blockchain/concensus - 2024-05-10 19:26:46
GET /api/v1/blockchain - 2024-05-10 19:26:46
GET /api/v1/blockchain/ - 2024-05-10 19:26:49
GET /api/v1/blockchain - 2024-05-10 19:27:16
GET /api/v1/blockchain/concensus - 2024-05-10 19:27:24
GET /api/v1/blockchain - 2024-05-10 19:27:24
GET /api/v1/blockchain - 2024-05-10 19:27:31
GET /api/v1/blockchain - 2024-05-10 19:39:39
POST /api/v1/blockchain/mine - 2024-05-10 19:39:47
POST /api/v1/blockchain/mine - 2024-05-10 19:39:49
GET /api/v1/blockchain - 2024-05-10 19:39:52
POST /api/v1/members/register-node - 2024-05-10 19:40:15
POST /api/v1/members/register-node - 2024-05-10 19:40:15
POST /api/v1/members/register-node - 2024-05-10 19:40:15
POST /api/v1/members/register-node - 2024-05-10 19:40:15
POST /api/v1/members/register-node - 2024-05-10 19:40:15
GET /api/v1/blockchain - 2024-05-10 19:40:17
GET /api/v1/blockchain/ - 2024-05-10 19:40:25
GET /api/v1/blockchain/concensus - 2024-05-10 19:40:50
GET /api/v1/blockchain - 2024-05-10 19:40:50
GET /api/v1/blockchain/ - 2024-05-10 19:40:53
GET /api/v1/blockchain/concensus - 2024-05-10 19:41:01
GET /api/v1/blockchain - 2024-05-10 19:41:01
GET /api/v1/blockchain/ - 2024-05-10 19:41:06
POST /api/v1/blockchain/block/broadcast - 2024-05-10 19:41:28
GET /api/v1/blockchain - 2024-05-10 19:42:03
GET /api/v1/blockchain - 2024-05-10 19:43:24
POST /api/v1/blockchain/mine - 2024-05-10 19:43:29
POST /api/v1/blockchain/mine - 2024-05-10 19:44:01
POST /api/v1/blockchain/mine - 2024-05-10 19:47:11
POST /api/v1/blockchain/mine - 2024-05-10 19:47:13
GET /api/v1/blockchain - 2024-05-10 19:47:17
POST /api/v1/members/register-node - 2024-05-10 19:47:27
POST /api/v1/members/register-node - 2024-05-10 19:47:27
POST /api/v1/members/register-node - 2024-05-10 19:47:27
POST /api/v1/members/register-node - 2024-05-10 19:47:27
POST /api/v1/members/register-node - 2024-05-10 19:47:27
GET /api/v1/blockchain - 2024-05-10 19:47:29
GET /api/v1/blockchain/ - 2024-05-10 19:47:33
GET /api/v1/blockchain/concensus - 2024-05-10 19:47:46
GET /api/v1/blockchain - 2024-05-10 19:47:46
GET /api/v1/blockchain/ - 2024-05-10 19:47:50
GET /api/v1/blockchain/concensus - 2024-05-10 19:47:56
GET /api/v1/blockchain - 2024-05-10 19:47:56
GET /api/v1/blockchain/ - 2024-05-10 19:47:58
GET /api/v1/blockchain - 2024-05-10 19:57:10
POST /api/v1/blockchain/mine - 2024-05-10 19:57:13
GET /api/v1/blockchain - 2024-05-10 19:58:47
POST /api/v1/members/register-node - 2024-05-10 19:59:07
POST /api/v1/members/register-node - 2024-05-10 19:59:07
POST /api/v1/members/register-node - 2024-05-10 19:59:07
POST /api/v1/members/register-node - 2024-05-10 19:59:07
POST /api/v1/members/register-node - 2024-05-10 19:59:07
GET /api/v1/blockchain/ - 2024-05-10 19:59:09
GET /api/v1/blockchain/concensus - 2024-05-10 19:59:15
GET /api/v1/blockchain - 2024-05-10 19:59:15
GET /api/v1/blockchain/ - 2024-05-10 19:59:18
GET /api/v1/blockchain/concensus - 2024-05-10 19:59:25
GET /api/v1/blockchain - 2024-05-10 19:59:25
GET /api/v1/blockchain/ - 2024-05-10 19:59:29
POST /api/v1/blockchain/mine - 2024-05-10 19:59:46
POST /api/v1/blockchain/mine - 2024-05-10 19:59:48
GET /api/v1/blockchain - 2024-05-10 19:59:55
GET /api/v1/blockchain - 2024-05-10 20:03:54
GET /api/v1/blockchain - 2024-05-10 20:05:34
POST /api/v1/blockchain/mine - 2024-05-10 20:05:38
POST /api/v1/blockchain/mine - 2024-05-10 20:05:40
POST /api/v1/blockchain/mine - 2024-05-10 20:05:42
GET /api/v1/blockchain - 2024-05-10 20:05:45
GET /api/v1/blockchain - 2024-05-10 20:06:36
POST /api/v1/blockchain/mine - 2024-05-10 20:06:39
POST /api/v1/blockchain/mine - 2024-05-10 20:06:41
GET /api/v1/blockchain - 2024-05-10 20:06:44
POST /api/v1/members/register-node - 2024-05-10 20:07:25
POST /api/v1/members/register-node - 2024-05-10 20:07:25
POST /api/v1/members/register-node - 2024-05-10 20:07:25
POST /api/v1/members/register-node - 2024-05-10 20:07:25
POST /api/v1/members/register-node - 2024-05-10 20:07:25
GET /api/v1/blockchain - 2024-05-10 20:07:28
POST /api/v1/blockchain/mine - 2024-05-10 20:07:32
POST /api/v1/blockchain/block/broadcast - 2024-05-10 20:07:32
GET /api/v1/blockchain - 2024-05-10 20:07:35
GET /api/v1/blockchain/ - 2024-05-10 20:07:40
POST /api/v1/blockchain/mine - 2024-05-10 20:07:49
POST /api/v1/blockchain/block/broadcast - 2024-05-10 20:07:50
GET /api/v1/blockchain - 2024-05-10 20:07:52
GET /api/v1/blockchain/ - 2024-05-10 20:07:56
GET /api/v1/members/ - 2024-05-10 20:08:04
POST /api/v1/members/register-node - 2024-05-10 20:08:15
POST /api/v1/members/register-node - 2024-05-10 20:08:15
POST /api/v1/members/register-node - 2024-05-10 20:08:15
POST /api/v1/members/register-node - 2024-05-10 20:08:15
POST /api/v1/members/register-node - 2024-05-10 20:08:15
POST /api/v1/members/register-node - 2024-05-10 20:08:15
POST /api/v1/members/register-node - 2024-05-10 20:08:15
POST /api/v1/members/register-node - 2024-05-10 20:08:15
POST /api/v1/members/register-node - 2024-05-10 20:08:15
POST /api/v1/members/register-node - 2024-05-10 20:08:15
POST /api/v1/members/register-node - 2024-05-10 20:08:15
POST /api/v1/members/register-node - 2024-05-10 20:08:15
GET /api/v1/members/ - 2024-05-10 20:08:27
GET /api/v1/blockchain - 2024-05-10 20:08:31
GET /api/v1/blockchain/concensus - 2024-05-10 20:08:39
GET /api/v1/blockchain - 2024-05-10 20:08:39
GET /api/v1/blockchain - 2024-05-10 20:08:39
GET /api/v1/blockchain - 2024-05-10 20:08:45
GET /api/v1/blockchain/concensus - 2024-05-10 20:08:53
GET /api/v1/blockchain - 2024-05-10 20:08:53
GET /api/v1/blockchain - 2024-05-10 20:08:53
GET /api/v1/blockchain - 2024-05-10 20:08:57
GET /api/v1/blockchain - 2024-05-10 20:09:10
GET /api/v1/blockchain - 2024-05-10 20:09:13
GET /api/v1/blockchain/concensus - 2024-05-10 20:09:23
GET /api/v1/blockchain - 2024-05-10 20:09:23
GET /api/v1/blockchain - 2024-05-10 20:09:23
GET /api/v1/blockchain - 2024-05-10 20:09:25
POST /api/v1/blockchain/mine - 2024-05-10 20:09:36
POST /api/v1/blockchain/block/broadcast - 2024-05-10 20:09:38
POST /api/v1/blockchain/block/broadcast - 2024-05-10 20:09:38
GET /api/v1/blockchain - 2024-05-10 20:09:45
GET /api/v1/blockchain/ - 2024-05-10 20:09:48
GET /api/v1/blockchain - 2024-05-10 20:09:53
GET /api/v1/blockchain - 2024-05-10 20:10:08
GET /api/v1/blockchain/concensus - 2024-05-10 20:10:13
GET /api/v1/blockchain - 2024-05-10 20:10:13
GET /api/v1/blockchain - 2024-05-10 20:10:13
GET /api/v1/blockchain/concensus - 2024-05-10 20:10:18
GET /api/v1/blockchain - 2024-05-10 20:10:18
GET /api/v1/blockchain - 2024-05-10 20:10:18
GET /api/v1/blockchain/concensus - 2024-05-10 20:10:22
GET /api/v1/blockchain - 2024-05-10 20:10:22
GET /api/v1/blockchain - 2024-05-10 20:10:22
GET /api/v1/blockchain - 2024-05-10 20:10:25
GET /api/v1/blockchain - 2024-05-10 20:14:59
POST /api/v1/blockchain/mine - 2024-05-10 20:15:02
POST /api/v1/blockchain/mine - 2024-05-10 20:15:04
GET /api/v1/blockchain - 2024-05-10 20:15:06
POST /api/v1/members/register-node - 2024-05-10 20:15:16
POST /api/v1/members/register-node - 2024-05-10 20:15:16
POST /api/v1/members/register-node - 2024-05-10 20:15:16
POST /api/v1/members/register-node - 2024-05-10 20:15:16
POST /api/v1/members/register-node - 2024-05-10 20:15:16
GET /api/v1/blockchain - 2024-05-10 20:15:18
GET /api/v1/blockchain/concensus - 2024-05-10 20:16:12
GET /api/v1/blockchain - 2024-05-10 20:16:12
GET /api/v1/blockchain - 2024-05-10 20:17:01
POST /api/v1/blockchain/mine - 2024-05-10 20:17:04
POST /api/v1/blockchain/mine - 2024-05-10 20:17:06
GET /api/v1/blockchain - 2024-05-10 20:17:11
POST /api/v1/members/register-node - 2024-05-10 20:17:25
POST /api/v1/members/register-node - 2024-05-10 20:17:25
POST /api/v1/members/register-node - 2024-05-10 20:17:25
POST /api/v1/members/register-node - 2024-05-10 20:17:25
POST /api/v1/members/register-node - 2024-05-10 20:17:25
GET /api/v1/blockchain - 2024-05-10 20:17:28
GET /api/v1/members/ - 2024-05-10 20:17:33
GET /api/v1/blockchain - 2024-05-10 20:17:37
GET /api/v1/blockchain/concensus - 2024-05-10 20:17:41
GET /api/v1/blockchain - 2024-05-10 20:17:41
GET /api/v1/blockchain - 2024-05-10 20:17:44
GET /api/v1/blockchain/concensus - 2024-05-10 20:17:51
GET /api/v1/blockchain - 2024-05-10 20:17:51
GET /api/v1/blockchain - 2024-05-10 20:17:53
POST /api/v1/members/register-node - 2024-05-10 20:18:16
POST /api/v1/members/register-node - 2024-05-10 20:18:16
POST /api/v1/members/register-node - 2024-05-10 20:18:16
POST /api/v1/members/register-node - 2024-05-10 20:18:16
POST /api/v1/members/register-node - 2024-05-10 20:18:16
POST /api/v1/members/register-node - 2024-05-10 20:18:20
POST /api/v1/members/register-node - 2024-05-10 20:18:20
POST /api/v1/members/register-node - 2024-05-10 20:18:20
POST /api/v1/members/register-node - 2024-05-10 20:18:20
POST /api/v1/members/register-node - 2024-05-10 20:18:20
POST /api/v1/members/register-node - 2024-05-10 20:18:20
POST /api/v1/members/register-node - 2024-05-10 20:18:20
POST /api/v1/members/register-node - 2024-05-10 20:18:20
POST /api/v1/members/register-node - 2024-05-10 20:18:20
POST /api/v1/members/register-node - 2024-05-10 20:18:20
POST /api/v1/members/register-node - 2024-05-10 20:18:20
POST /api/v1/members/register-node - 2024-05-10 20:18:20
GET /api/v1/blockchain - 2024-05-10 20:18:22
POST /api/v1/blockchain/mine - 2024-05-10 20:18:24
POST /api/v1/blockchain/block/broadcast - 2024-05-10 20:18:24
POST /api/v1/blockchain/block/broadcast - 2024-05-10 20:18:24
GET /api/v1/blockchain - 2024-05-10 20:18:27
GET /api/v1/blockchain/ - 2024-05-10 20:18:33
GET /api/v1/blockchain - 2024-05-10 20:18:40
GET /api/v1/blockchain - 2024-05-10 20:26:13
GET /api/v1/blockchain - 2024-05-10 20:26:29
GET /api/v1/blockchain - 2024-05-10 20:27:19
POST /api/v1/members/register-node - 2024-05-10 20:27:28
POST /api/v1/members/register-node - 2024-05-10 20:27:28
POST /api/v1/members/register-node - 2024-05-10 20:27:29
POST /api/v1/members/register-node - 2024-05-10 20:27:29
POST /api/v1/members/register-node - 2024-05-10 20:27:29
GET /api/v1/blockchain - 2024-05-10 20:27:34
POST /api/v1/blockchain/mine - 2024-05-10 20:27:37
POST /api/v1/blockchain/block/broadcast - 2024-05-10 20:27:38
GET /api/v1/blockchain - 2024-05-10 20:27:41
GET /api/v1/blockchain/ - 2024-05-10 20:27:47
POST /api/v1/members/register-node - 2024-05-10 20:28:05
POST /api/v1/members/register-node - 2024-05-10 20:28:05
POST /api/v1/members/register-node - 2024-05-10 20:28:05
POST /api/v1/members/register-node - 2024-05-10 20:28:05
POST /api/v1/members/register-node - 2024-05-10 20:28:05
POST /api/v1/members/register-node - 2024-05-10 20:28:05
POST /api/v1/members/register-node - 2024-05-10 20:28:05
POST /api/v1/members/register-node - 2024-05-10 20:28:05
POST /api/v1/members/register-node - 2024-05-10 20:28:05
POST /api/v1/members/register-node - 2024-05-10 20:28:05
POST /api/v1/members/register-node - 2024-05-10 20:28:05
POST /api/v1/members/register-node - 2024-05-10 20:28:05
GET /api/v1/blockchain - 2024-05-10 20:28:07
POST /api/v1/blockchain/mine - 2024-05-10 20:28:12
POST /api/v1/blockchain/block/broadcast - 2024-05-10 20:28:12
POST /api/v1/blockchain/block/broadcast - 2024-05-10 20:28:12
GET /api/v1/blockchain - 2024-05-10 20:28:14
GET /api/v1/blockchain/ - 2024-05-10 20:28:18
GET /api/v1/blockchain - 2024-05-10 20:28:22
GET /api/v1/blockchain/concensus - 2024-05-10 20:28:29
GET /api/v1/blockchain - 2024-05-10 20:28:29
GET /api/v1/blockchain - 2024-05-10 20:28:29
GET /api/v1/blockchain - 2024-05-10 20:28:31
GET /api/v1/blockchain/concensus - 2024-05-10 20:28:38
GET /api/v1/blockchain - 2024-05-10 20:28:38
GET /api/v1/blockchain - 2024-05-10 20:28:38
GET /api/v1/blockchain/concensus - 2024-05-10 20:28:41
GET /api/v1/blockchain - 2024-05-10 20:28:41
GET /api/v1/blockchain - 2024-05-10 20:28:41
GET /api/v1/blockchain - 2024-05-10 20:28:43
GET /api/v1/blockchain - 2024-05-10 20:37:09
POST /api/v1/members/register-node - 2024-05-10 20:37:32
POST /api/v1/members/register-node - 2024-05-10 20:37:32
POST /api/v1/members/register-node - 2024-05-10 20:37:32
POST /api/v1/members/register-node - 2024-05-10 20:37:32
POST /api/v1/members/register-node - 2024-05-10 20:37:32
GET /api/v1/blockchain - 2024-05-10 20:37:34
POST /api/v1/blockchain/mine - 2024-05-10 20:37:38
POST /api/v1/blockchain/block/broadcast - 2024-05-10 20:37:38
GET /api/v1/blockchain - 2024-05-10 20:37:41
GET /api/v1/blockchain - 2024-05-10 20:37:44
POST /api/v1/members/register-node - 2024-05-10 20:37:55
POST /api/v1/members/register-node - 2024-05-10 20:37:55
POST /api/v1/members/register-node - 2024-05-10 20:37:55
POST /api/v1/members/register-node - 2024-05-10 20:37:55
POST /api/v1/members/register-node - 2024-05-10 20:37:55
POST /api/v1/members/register-node - 2024-05-10 20:37:55
POST /api/v1/members/register-node - 2024-05-10 20:37:55
POST /api/v1/members/register-node - 2024-05-10 20:37:55
POST /api/v1/members/register-node - 2024-05-10 20:37:55
POST /api/v1/members/register-node - 2024-05-10 20:37:55
POST /api/v1/members/register-node - 2024-05-10 20:37:55
POST /api/v1/members/register-node - 2024-05-10 20:37:55
GET /api/v1/blockchain/ - 2024-05-10 20:38:07
