Method: GET Url: / Date: 2024-04-29 Time: 15:54:41 Success: undefined - Message: ErrorResponse is not defined
Method: GET Url: / Date: 2024-04-29 Time: 15:55:27 Success: undefined - Message: ErrorResponse is not defined
Method: GET Url: / Date: 2024-04-29 Time: 15:59:22 Success: undefined - Message: ErrorResponse is not defined
Method: GET Url: /api/v1/blockchai Date: 2024-04-29 Time: 16:05:50 Success: undefined - Message: ErrorResponse is not defined
Method: PUT Url: /api/v1/blockchain Date: 2024-04-29 Time: 16:09:45 Success: undefined - Message: ErrorResponse is not defined
Method: POST Url: /api/v1/blockchain Date: 2024-05-06 Time: 16:19:31 Success: undefined - Message: ErrorResponse is not defined
Method: POST Url: /api/v1/blockchain Date: 2024-05-06 Time: 16:24:17 Success: undefined - Message: Unexpected token '"', ""data": {"... is not valid JSON
Method: POST Url: /api/v1/blockchain Date: 2024-05-06 Time: 16:25:41 Success: undefined - Message: ErrorResponse is not defined
Method: POST Url: /api/v1/blockchain Date: 2024-05-06 Time: 16:25:52 Success: undefined - Message: ErrorResponse is not defined
Method: POST Url: /api/v1/blockchain Date: 2024-05-06 Time: 16:35:16 Success: undefined - Message: ErrorResponse is not defined
Method: POST Url: /api/v1/blockchain/mine Date: 2024-05-06 Time: 16:35:43 Success: undefined - Message: Assignment to constant variable.
Method: POST Url: /api/v1/blockchain/mine Date: 2024-05-06 Time: 16:36:31 Success: undefined - Message: Assignment to constant variable.
Method: POST Url: /api/v1/blockchain/mine Date: 2024-05-06 Time: 16:49:24 Success: undefined - Message: Assignment to constant variable.
Method: POST Url: /api/v1/blockchain/mine Date: 2024-05-06 Time: 16:50:15 Success: undefined - Message: Assignment to constant variable.
Method: POST Url: /api/v1/blockchain/mine Date: 2024-05-06 Time: 16:54:18 Success: undefined - Message: Assignment to constant variable.
Method: POST Url: /api/v1/blockchain/mine Date: 2024-05-08 Time: 09:26:13 Success: undefined - Message: Assignment to constant variable.
Method: POST Url: /api/v1/blockchain/mine Date: 2024-05-08 Time: 09:43:57 Success: undefined - Message: Assignment to constant variable.
Method: POST Url: /api/v1/blockchain/mine Date: 2024-05-08 Time: 09:47:46 Success: undefined - Message: Assignment to constant variable.
Method: POST Url: /api/v1/blockchain/mine Date: 2024-05-08 Time: 10:18:28 Success: undefined - Message: blockchain.getLatestBlock is not a function
Method: POST Url: /api/v1/blockchain/mine Date: 2024-05-08 Time: 10:25:20 Success: undefined - Message: blockchain.getLatestBlock is not a function
Method: POST Url: /api/v1/blockchain/mine Date: 2024-05-08 Time: 11:20:51 Success: undefined - Message: blockchain.getLatestBlock is not a function
Method: POST Url: /api/v1/blockchain/mine Date: 2024-05-08 Time: 11:41:18 Success: undefined - Message: Unexpected end of JSON input
Method: POST Url: /api/v1/blockchain/mine Date: 2024-05-08 Time: 14:14:55 Success: undefined - Message: Unexpected end of JSON input
Method: POST Url: /api/v1/blockchain/mine Date: 2024-05-08 Time: 14:18:41 Success: undefined - Message: blockchain.getLatestBlock is not a function
Method: POST Url: /api/v1/blockchain/mine Date: 2024-05-08 Time: 14:19:16 Success: undefined - Message: blockchain.getLatestBlock is not a function
Method: POST Url: /api/v1/blockchain/mine Date: 2024-05-08 Time: 14:21:07 Success: undefined - Message: lastBlock is not defined
Method: POST Url: /api/v1/blockchain/mine Date: 2024-05-08 Time: 14:23:34 Success: undefined - Message: blockchain.getLatestBlock is not a function
Method: GET Url: /api/v1/blockchai Date: 2024-05-08 Time: 18:17:58 Success: undefined - Message: ErrorResponse is not defined
Method: GET Url: /api/v1/blockchai Date: 2024-05-08 Time: 18:19:40 Success: undefined - Message: ErrorResponse is not defined
Method: GET Url: /api/v1/blockchai Date: 2024-05-08 Time: 18:20:38 Success: false - Message: Could not find the resource /api/v1/blockchai
Method: GET Url: /api/v1/register-node Date: 2024-05-10 Time: 14:07:08 Success: false - Message: Could not find the resource /api/v1/register-node
Method: GET Url: /api/v1/members/register-node Date: 2024-05-10 Time: 14:08:13 Success: false - Message: Could not find the resource /api/v1/members/register-node
Method: GET Url: /api/v1/members/register-node Date: 2024-05-10 Time: 14:08:43 Success: false - Message: Could not find the resource /api/v1/members/register-node
Method: GET Url: /api/v1/concensus Date: 2024-05-10 Time: 15:54:40 Success: false - Message: Could not find the resource /api/v1/concensus
Method: GET Url: /api/v1/blockchain/consensus Date: 2024-05-10 Time: 15:57:39 Success: false - Message: Could not find the resource /api/v1/blockchain/consensus
Method: POST Url: /api/v1/blockchain/block/broadcast Date: 2024-05-10 Time: 16:21:55 Success: false - Message: Could not find the resource /api/v1/blockchain/block/broadcast
Method: POST Url: /api/v1/blockchain/block/broadcast Date: 2024-05-10 Time: 16:21:55 Success: false - Message: Could not find the resource /api/v1/blockchain/block/broadcast
Method: POST Url: /api/v1/blockchain/block/broadcast Date: 2024-05-10 Time: 16:24:10 Success: false - Message: Could not find the resource /api/v1/blockchain/block/broadcast
Method: POST Url: /api/v1/blockchain/block/broadcast Date: 2024-05-10 Time: 16:24:10 Success: false - Message: Could not find the resource /api/v1/blockchain/block/broadcast
Method: POST Url: /api/v1/blockchain/block/broadcast Date: 2024-05-10 Time: 16:24:44 Success: false - Message: Could not find the resource /api/v1/blockchain/block/broadcast
Method: POST Url: /api/v1/blockchain/block/broadcast Date: 2024-05-10 Time: 16:24:44 Success: false - Message: Could not find the resource /api/v1/blockchain/block/broadcast
Method: POST Url: /api/v1/block/broadcast Date: 2024-05-10 Time: 18:43:12 Success: false - Message: Could not find the resource /api/v1/block/broadcast
